[ INFO/2021-06-20 10:05:45,358] pyUltroid: 
                -----------------------------------
                        Starting Deployment
                -----------------------------------

[ INFO/2021-06-20 10:05:55,666] pyUltroid: Initialising...
[ INFO/2021-06-20 10:05:55,666] pyUltroid: py-Ultroid Version - 2021.6.18.1
[ INFO/2021-06-20 10:05:55,666] pyUltroid: Telethon Version - 1.21.2
[ INFO/2021-06-20 10:05:55,666] pyUltroid: Ultroid Version - 0.0.8.1
[ INFO/2021-06-20 10:05:55,756] pyUltroid: Starting Ultroid...
[ INFO/2021-06-20 10:05:56,902] telethon.network.mtprotosender: Connecting to 149.154.167.51:443/TcpFull...
[ INFO/2021-06-20 10:05:57,738] telethon.network.mtprotosender: Connection to 149.154.167.51:443/TcpFull complete!
[ INFO/2021-06-20 10:05:58,285] telethon.client.users: Phone migrated to 1
[ INFO/2021-06-20 10:05:58,285] telethon.client.telegrambaseclient: Reconnecting to new data center 1
[ INFO/2021-06-20 10:05:58,396] telethon.network.mtprotosender: Disconnecting from 149.154.167.51:443/TcpFull...
[ INFO/2021-06-20 10:05:58,400] telethon.network.mtprotosender: Disconnection from 149.154.167.51:443/TcpFull complete!
[ INFO/2021-06-20 10:05:58,402] telethon.network.mtprotosender: Connecting to 149.154.175.54:443/TcpFull...
[ INFO/2021-06-20 10:05:59,356] telethon.network.mtprotosender: Connection to 149.154.175.54:443/TcpFull complete!
[ INFO/2021-06-20 10:05:59,472] telethon.network.mtprotosender: Connecting to 149.154.175.53:443/TcpFull...
[ INFO/2021-06-20 10:05:59,505] telethon.network.mtprotosender: Connection to 149.154.175.53:443/TcpFull complete!
[ INFO/2021-06-20 10:05:59,815] pyUltroid: Done, startup completed
[ INFO/2021-06-20 10:05:59,816] pyUltroid: UserBot - Started
[ INFO/2021-06-20 10:06:00,872] pyUltroid: Ultroid - Official -  Installed - __init__.py
[ INFO/2021-06-20 10:06:03,164] pyUltroid: Ultroid - Official -  Installed - _help.py
[ INFO/2021-06-20 10:06:03,535] pyUltroid: Ultroid - Official -  Installed - _inline.py
[ INFO/2021-06-20 10:06:03,558] pyUltroid: Ultroid - Official -  Installed - _ultroid.py
[ INFO/2021-06-20 10:06:03,563] pyUltroid: Ultroid - Official -  Installed - _userlogs.py
[ INFO/2021-06-20 10:06:03,589] pyUltroid: Ultroid - Official -  Installed - _wspr.py
[ INFO/2021-06-20 10:06:03,963] pyUltroid: Ultroid - Official -  Installed - admintools.py
[ INFO/2021-06-20 10:06:04,088] pyUltroid: Ultroid - Official -  Installed - afk.py
[ INFO/2021-06-20 10:06:04,146] pyUltroid: Ultroid - Official -  Installed - anime.py
[ INFO/2021-06-20 10:06:04,401] pyUltroid: Ultroid - Official -  Installed - antiflood.py
[ INFO/2021-06-20 10:06:04,514] pyUltroid: Ultroid - Official -  Installed - ascii.py
[ INFO/2021-06-20 10:06:04,591] pyUltroid: Ultroid - Official -  Installed - asst_cmd.py
[ INFO/2021-06-20 10:06:04,806] pyUltroid: Ultroid - Official -  Installed - autocorrect.py
[ INFO/2021-06-20 10:06:04,847] pyUltroid: Ultroid - Official -  Installed - autopic.py
[ INFO/2021-06-20 10:06:04,936] pyUltroid: Ultroid - Official -  Installed - blacklist.py
[ INFO/2021-06-20 10:06:05,028] pyUltroid: Ultroid - Official -  Installed - bot.py
[ INFO/2021-06-20 10:06:05,158] pyUltroid: Ultroid - Official -  Installed - broadcast.py
[ INFO/2021-06-20 10:06:05,184] pyUltroid: Ultroid - Official -  Installed - calculator.py
[ INFO/2021-06-20 10:06:05,245] pyUltroid: Ultroid - Official -  Installed - carbon.py
[ INFO/2021-06-20 10:06:05,391] pyUltroid: Ultroid - Official -  Installed - channelhacks.py
[ INFO/2021-06-20 10:06:05,493] pyUltroid: Ultroid - Official -  Installed - chats.py
[ INFO/2021-06-20 10:06:05,541] pyUltroid: Ultroid - Official -  Installed - clean_action.py
[ INFO/2021-06-20 10:06:05,561] pyUltroid: Ultroid - Official -  Installed - compressor.py
[ INFO/2021-06-20 10:06:06,027] pyUltroid: Ultroid - Official -  Installed - converter.py
[ INFO/2021-06-20 10:06:06,119] pyUltroid: Ultroid - Official -  Installed - core.py
[ INFO/2021-06-20 10:06:06,141] pyUltroid: Ultroid - Official -  Installed - dayevents.py
[ INFO/2021-06-20 10:06:06,167] pyUltroid: Ultroid - Official -  Installed - deezer.py
[ INFO/2021-06-20 10:06:06,221] pyUltroid: Ultroid - Official -  Installed - devtools.py
[ INFO/2021-06-20 10:06:06,237] pyUltroid: Ultroid - Official -  Installed - dm.py
[ INFO/2021-06-20 10:06:06,278] pyUltroid: Ultroid - Official -  Installed - download_upload.py
[ INFO/2021-06-20 10:06:06,421] pyUltroid: Ultroid - Official -  Installed - echo.py
[ INFO/2021-06-20 10:06:06,442] pyUltroid: Ultroid - Official -  Installed - evaljs.py
[ INFO/2021-06-20 10:06:06,531] pyUltroid: Ultroid - Official -  Installed - extra.py
[ INFO/2021-06-20 10:06:06,643] pyUltroid: Ultroid - Official -  Installed - fakeaction.py
[ INFO/2021-06-20 10:06:06,728] pyUltroid: Ultroid - Official -  Installed - fedutils.py
[ INFO/2021-06-20 10:06:06,787] pyUltroid: Ultroid - Official -  Installed - filter.py
[ INFO/2021-06-20 10:06:06,808] pyUltroid: Ultroid - Official -  Installed - fontgen.py
[ INFO/2021-06-20 10:06:06,875] pyUltroid: Ultroid - Official -  Installed - forcesubscribe.py
[ INFO/2021-06-20 10:06:06,900] pyUltroid: Ultroid - Official -  Installed - gadgets.py
[ INFO/2021-06-20 10:06:06,998] pyUltroid: Ultroid - Official -  Installed - gdrive.py
[ INFO/2021-06-20 10:06:07,015] pyUltroid: Ultroid - Official -  Installed - get_addons.py
[ INFO/2021-06-20 10:06:07,084] pyUltroid: Ultroid - Official -  Installed - giftools.py
[ INFO/2021-06-20 10:06:07,102] pyUltroid: Ultroid - Official -  Installed - github.py
[ INFO/2021-06-20 10:06:07,119] pyUltroid: Ultroid - Official -  Installed - glitch.py
[ INFO/2021-06-20 10:06:07,309] pyUltroid: Ultroid - Official -  Installed - globaltools.py
[ INFO/2021-06-20 10:06:07,390] pyUltroid: Ultroid - Official -  Installed - google.py
[ INFO/2021-06-20 10:06:07,746] pyUltroid: Ultroid - Official -  Installed - greetings.py
[ INFO/2021-06-20 10:06:07,797] pyUltroid: Ultroid - Official -  Installed - groups.py
[ INFO/2021-06-20 10:06:08,253] pyUltroid: Ultroid - Official -  Installed - imagetools.py
[ INFO/2021-06-20 10:06:08,293] pyUltroid: Ultroid - Official -  Installed - locks.py
[ INFO/2021-06-20 10:06:08,315] pyUltroid: Ultroid - Official -  Installed - logo.py
[ INFO/2021-06-20 10:06:08,338] pyUltroid: Ultroid - Official -  Installed - mediainfo.py
[ INFO/2021-06-20 10:06:08,366] pyUltroid: Ultroid - Official -  Installed - megadl.py
[ INFO/2021-06-20 10:06:08,483] pyUltroid: Ultroid - Official -  Installed - mute.py
[ INFO/2021-06-20 10:06:08,528] pyUltroid: Ultroid - Official -  Installed - notes.py
[ INFO/2021-06-20 10:06:08,567] pyUltroid: Ultroid - Official -  Installed - nsfw_filter.py
[ INFO/2021-06-20 10:06:09,664] pyUltroid: Ultroid - Official -  Installed - pdftools.py
[ INFO/2021-06-20 10:06:09,688] pyUltroid: Ultroid - Official -  Installed - pinterest.py
[ INFO/2021-06-20 10:06:10,428] pyUltroid: Ultroid - Official -  Installed - pmpermit.py
[ INFO/2021-06-20 10:06:10,464] pyUltroid: Ultroid - Official -  Installed - polls.py
[ INFO/2021-06-20 10:06:10,512] pyUltroid: Ultroid - Official -  Installed - profanity_filter.py
[ INFO/2021-06-20 10:06:10,642] pyUltroid: Ultroid - Official -  Installed - profile.py
[ INFO/2021-06-20 10:06:10,725] pyUltroid: Ultroid - Official -  Installed - qrcode.py
[ INFO/2021-06-20 10:06:10,750] pyUltroid: Ultroid - Official -  Installed - randomuser.py
[ INFO/2021-06-20 10:06:10,824] pyUltroid: Ultroid - Official -  Installed - redis.py
[ INFO/2021-06-20 10:06:10,880] pyUltroid: Ultroid - Official -  Installed - resize.py
[ INFO/2021-06-20 10:06:10,908] pyUltroid: Ultroid - Official -  Installed - saavn.py
[ INFO/2021-06-20 10:06:10,961] pyUltroid: Ultroid - Official -  Installed - save.py
[ INFO/2021-06-20 10:06:10,990] pyUltroid: Ultroid - Official -  Installed - schedule_msg.py
[ INFO/2021-06-20 10:06:11,073] pyUltroid: Ultroid - Official -  Installed - snips.py
[ INFO/2021-06-20 10:06:12,250] matplotlib.font_manager: generated new fontManager
[ INFO/2021-06-20 10:06:12,635] pyUltroid: Ultroid - Official -  Installed - specialtools.py
[ INFO/2021-06-20 10:06:12,817] pyUltroid: Ultroid - Official -  Installed - stickertools.py
[ INFO/2021-06-20 10:06:12,879] pyUltroid: Ultroid - Official -  Installed - sudo.py
[ INFO/2021-06-20 10:06:12,912] pyUltroid: Ultroid - Official -  Installed - tag.py
[ INFO/2021-06-20 10:06:13,080] pyUltroid: Ultroid - Official -  Installed - tools.py
[ INFO/2021-06-20 10:06:13,097] pyUltroid: Ultroid - Official -  Installed - unsplash.py
[ INFO/2021-06-20 10:06:13,206] pyUltroid: Ultroid - Official -  Installed - updater.py
[ INFO/2021-06-20 10:06:13,372] pyUltroid: Ultroid - Official -  Installed - usage.py
[ INFO/2021-06-20 10:06:14,074] pyUltroid: Ultroid - Official -  Installed - utilities.py
[ INFO/2021-06-20 10:06:14,108] pyUltroid: Ultroid - Official -  Installed - variables.py
[ INFO/2021-06-20 10:06:14,323] pyUltroid: Ultroid - Official -  Installed - vcplugin.py
[ INFO/2021-06-20 10:06:14,544] pyUltroid: Ultroid - Official -  Installed - warn.py
[ INFO/2021-06-20 10:06:14,677] pyUltroid: Ultroid - Official -  Installed - webshot.py
[ INFO/2021-06-20 10:06:14,711] pyUltroid: Ultroid - Official -  Installed - webupload.py
[ INFO/2021-06-20 10:06:14,797] pyUltroid: Ultroid - Official -  Installed - whichsong.py
[ INFO/2021-06-20 10:06:14,923] pyUltroid: Ultroid - Official -  Installed - words.py
[ INFO/2021-06-20 10:06:14,985] pyUltroid: Ultroid - Official -  Installed - youtube.py
[ INFO/2021-06-20 10:06:15,094] pyUltroid: Ultroid - Official -  Installed - ziptools.py
[ INFO/2021-06-20 10:06:15,094] pyUltroid: Ultroid - Assistant -  Installed - __init__.py
[ INFO/2021-06-20 10:06:15,097] pyUltroid: Ultroid - Assistant -  Installed - api_setter.py
[ INFO/2021-06-20 10:06:15,221] pyUltroid: Ultroid - Assistant -  Installed - inlinestuff.py
[ INFO/2021-06-20 10:06:15,223] pyUltroid: Ultroid - Assistant -  Installed - localization.py
[ INFO/2021-06-20 10:06:15,508] pyUltroid: Ultroid - Assistant -  Installed - othervars.py
[ INFO/2021-06-20 10:06:15,509] pyUltroid: Ultroid - Assistant -  Installed - ping.py
[ INFO/2021-06-20 10:06:15,602] pyUltroid: Ultroid - Assistant -  Installed - start.py
[ INFO/2021-06-20 10:06:15,607] pyUltroid: Ultroid - Assistant -  Installed - ytdl.py
[ INFO/2021-06-20 10:06:16,055] pyUltroid: Installing packages for addons
[ INFO/2021-06-20 10:06:35,940] pyUltroid: Ultroid - Addons -  Installed - __init__.py
[ INFO/2021-06-20 10:06:36,031] pyUltroid: Ultroid - Addons -  Installed - animations.py
[ INFO/2021-06-20 10:06:36,072] pyUltroid: Ultroid - Addons -  Installed - animechan.py
[ INFO/2021-06-20 10:06:36,112] pyUltroid: Ultroid - Addons -  Installed - animedb.py
[ INFO/2021-06-20 10:06:36,172] pyUltroid: Ultroid - Addons -  Installed - autoprofile.py
[ INFO/2021-06-20 10:06:36,238] pyUltroid: Ultroid - Addons -  Installed - clone.py
[ INFO/2021-06-20 10:06:36,284] pyUltroid: Ultroid - Addons -  Installed - covid.py
[ INFO/2021-06-20 10:06:36,357] pyUltroid: Ultroid - Addons -  Installed - encode_decode.py
[ INFO/2021-06-20 10:06:36,413] pyUltroid: Ultroid - Addons -  Installed - figlet.py
[ INFO/2021-06-20 10:06:36,452] pyUltroid: Ultroid - Addons -  Installed - findsong.py
[ INFO/2021-06-20 10:06:36,525] pyUltroid: Ultroid - Addons -  Installed - flaticon.py
[ INFO/2021-06-20 10:06:36,789] pyUltroid: Ultroid - Addons -  Installed - fun.py
[ INFO/2021-06-20 10:06:36,857] pyUltroid: Ultroid - Addons -  Installed - googleutility.py
[ INFO/2021-06-20 10:06:36,895] pyUltroid: Ultroid - Addons -  Installed - hack.py
[ INFO/2021-06-20 10:06:36,927] pyUltroid: Ultroid - Addons -  Installed - how_google.py
[ INFO/2021-06-20 10:06:36,954] pyUltroid: Ultroid - Addons -  Installed - imdb.py
[ INFO/2021-06-20 10:06:37,072] pyUltroid: Ultroid - Addons -  Installed - inlinefun.py
[ INFO/2021-06-20 10:06:37,109] pyUltroid: Ultroid - Addons -  Installed - limited.py
[ INFO/2021-06-20 10:06:37,176] pyUltroid: Ultroid - Addons -  Installed - memify.py
[ INFO/2021-06-20 10:06:37,209] pyUltroid: Ultroid - Addons -  Installed - ocr.py
[ INFO/2021-06-20 10:06:37,340] pyUltroid: Ultroid - Addons -  Installed - pokedex.py
[ INFO/2021-06-20 10:06:37,431] pyUltroid: Ultroid - Addons -  Installed - prankpromote.py
[ INFO/2021-06-20 10:06:37,578] pyUltroid: Ultroid - Addons -  Installed - quotefancy.py
[ INFO/2021-06-20 10:06:37,752] pyUltroid: Ultroid - Addons -  Installed - quotly.py
[ INFO/2021-06-20 10:06:37,883] pyUltroid: Ultroid - Addons -  Installed - shorturl.py
[ INFO/2021-06-20 10:06:38,154] pyUltroid: Ultroid - Addons -  Installed - song.py
[ INFO/2021-06-20 10:06:38,407] pyUltroid: Ultroid - Addons -  Installed - spam.py
[ INFO/2021-06-20 10:06:38,460] pyUltroid: Ultroid - Addons -  Installed - speechtool.py
[ INFO/2021-06-20 10:06:38,499] pyUltroid: Ultroid - Addons -  Installed - stickerspam.py
[ INFO/2021-06-20 10:06:38,618] pyUltroid: Ultroid - Addons -  Installed - sticklet.py
[ INFO/2021-06-20 10:06:38,743] pyUltroid: Ultroid - Addons -  Installed - test.py
[ INFO/2021-06-20 10:06:38,974] pyUltroid: Ultroid - Addons -  Installed - totalmsgs.py
[ INFO/2021-06-20 10:06:39,075] pyUltroid: Ultroid - Addons -  Installed - truthdare.py
[ INFO/2021-06-20 10:06:39,125] pyUltroid: Ultroid - Addons -  Installed - tscan.py
[ INFO/2021-06-20 10:06:39,168] pyUltroid: Ultroid - Addons -  Installed - typing.py
[ INFO/2021-06-20 10:06:39,241] pyUltroid: Ultroid - Addons -  Installed - wikipedia.py
[ INFO/2021-06-20 10:06:39,301] pyUltroid: Ultroid - Addons -  Installed - zombies.py
[ INFO/2021-06-20 10:06:39,598] pyUltroid: Ultroid - PM Bot Message Forwards - Enabled.
[ INFO/2021-06-20 10:06:48,961] telethon.client.downloads: Starting direct file download in chunks of 131072 at 0, stride 131072
[ INFO/2021-06-20 10:06:50,278] pyUltroid: Ultroid - PLUGIN_CHANNEL - Installed - wlcm_spam
[ INFO/2021-06-20 10:06:50,881] telethon.client.downloads: Starting direct file download in chunks of 131072 at 0, stride 131072
[ INFO/2021-06-20 10:06:51,002] pyUltroid: Ultroid - PLUGIN_CHANNEL - Installed - xDeezer
[ INFO/2021-06-20 10:06:51,647] telethon.client.downloads: Starting direct file download in chunks of 131072 at 0, stride 131072
[ INFO/2021-06-20 10:06:51,767] pyUltroid: Ultroid - PLUGIN_CHANNEL - Installed - deldog
[ INFO/2021-06-20 10:06:52,368] telethon.client.downloads: Starting direct file download in chunks of 131072 at 0, stride 131072
[ INFO/2021-06-20 10:06:52,467] pyUltroid: Ultroid - PLUGIN_CHANNEL - Installed - shitpost
[ INFO/2021-06-20 10:06:53,119] telethon.client.downloads: Starting direct file download in chunks of 131072 at 0, stride 131072
[ INFO/2021-06-20 10:06:53,416] pyUltroid: Ultroid - PLUGIN_CHANNEL - Installed - e3memes
[ INFO/2021-06-20 10:06:54,019] telethon.client.downloads: Starting direct file download in chunks of 131072 at 0, stride 131072
[ INFO/2021-06-20 10:06:54,116] pyUltroid: Ultroid - PLUGIN_CHANNEL - Installed - picstick
[ INFO/2021-06-20 10:06:54,721] telethon.client.downloads: Starting direct file download in chunks of 131072 at 0, stride 131072
[ INFO/2021-06-20 10:06:55,456] pyUltroid: Ultroid - PLUGIN_CHANNEL - Installed - glex
[ INFO/2021-06-20 10:06:56,057] telethon.client.downloads: Starting direct file download in chunks of 131072 at 0, stride 131072
[ INFO/2021-06-20 10:06:56,295] pyUltroid: Ultroid - PLUGIN_CHANNEL - Installed - get_movie
[ INFO/2021-06-20 10:06:56,904] telethon.client.downloads: Starting direct file download in chunks of 131072 at 0, stride 131072
[ INFO/2021-06-20 10:06:57,008] pyUltroid: Ultroid - PLUGIN_CHANNEL - Installed - domge
[ INFO/2021-06-20 10:06:57,610] telethon.client.downloads: Starting direct file download in chunks of 131072 at 0, stride 131072
[ INFO/2021-06-20 10:06:57,753] pyUltroid: Ultroid - PLUGIN_CHANNEL - Installed - spin
[ INFO/2021-06-20 10:06:58,355] telethon.client.downloads: Starting direct file download in chunks of 131072 at 0, stride 131072
[ INFO/2021-06-20 10:06:58,458] pyUltroid: Ultroid - PLUGIN_CHANNEL - Installed - frwd
[ INFO/2021-06-20 10:06:59,061] telethon.client.downloads: Starting direct file download in chunks of 131072 at 0, stride 131072
[ INFO/2021-06-20 10:06:59,249] pyUltroid: Ultroid - PLUGIN_CHANNEL - Installed - prank
[ INFO/2021-06-20 10:06:59,855] telethon.client.downloads: Starting direct file download in chunks of 131072 at 0, stride 131072
[ INFO/2021-06-20 10:06:59,979] pyUltroid: Ultroid - PLUGIN_CHANNEL - Installed - fwd
[ INFO/2021-06-20 10:07:00,590] telethon.client.downloads: Starting direct file download in chunks of 131072 at 0, stride 131072
[ INFO/2021-06-20 10:07:00,690] pyUltroid: Ultroid - PLUGIN_CHANNEL - Installed - stickerizer
[ INFO/2021-06-20 10:07:01,293] telethon.client.downloads: Starting direct file download in chunks of 131072 at 0, stride 131072
[ INFO/2021-06-20 10:07:01,337] telethon.client.downloads: File lives in another DC
[ INFO/2021-06-20 10:07:01,338] telethon.network.mtprotosender: Connecting to 91.108.56.136:443/TcpFull...
[ INFO/2021-06-20 10:07:02,975] telethon.network.mtprotosender: Connection to 91.108.56.136:443/TcpFull complete!
[ INFO/2021-06-20 10:07:02,975] telethon.client.telegrambaseclient: Exporting auth for new borrowed sender in DcOption(id=5, ip_address='91.108.56.136', port=443, ipv6=False, media_only=False, tcpo_only=False, cdn=False, static=False, secret=None)
[ INFO/2021-06-20 10:07:04,063] pyUltroid: Ultroid - PLUGIN_CHANNEL - Installed - animation11
[ INFO/2021-06-20 10:07:04,669] telethon.client.downloads: Starting direct file download in chunks of 131072 at 0, stride 131072
[ INFO/2021-06-20 10:07:04,840] pyUltroid: Ultroid - PLUGIN_CHANNEL - Installed - weather
[ INFO/2021-06-20 10:07:05,441] telethon.client.downloads: Starting direct file download in chunks of 131072 at 0, stride 131072
[ INFO/2021-06-20 10:07:05,532] pyUltroid: Ultroid - PLUGIN_CHANNEL - Installed - mask
[ INFO/2021-06-20 10:07:06,138] telethon.client.downloads: Starting direct file download in chunks of 131072 at 0, stride 131072
[ INFO/2021-06-20 10:07:06,251] pyUltroid: Ultroid - PLUGIN_CHANNEL - Installed - timedp
[ INFO/2021-06-20 10:07:06,853] telethon.client.downloads: Starting direct file download in chunks of 131072 at 0, stride 131072
[ INFO/2021-06-20 10:07:06,959] pyUltroid: Ultroid - PLUGIN_CHANNEL - Installed - F'sinChat
[ INFO/2021-06-20 10:07:07,710] telethon.client.downloads: Starting direct file download in chunks of 131072 at 0, stride 131072
[ INFO/2021-06-20 10:07:07,985] pyUltroid: Ultroid - PLUGIN_CHANNEL - Installed - channeldp
[ INFO/2021-06-20 10:07:08,590] telethon.client.downloads: Starting direct file download in chunks of 131072 at 0, stride 131072
[ INFO/2021-06-20 10:07:08,716] pyUltroid: Ultroid - PLUGIN_CHANNEL - Installed - frybot
[ INFO/2021-06-20 10:07:09,317] telethon.client.downloads: Starting direct file download in chunks of 131072 at 0, stride 131072
[ INFO/2021-06-20 10:07:09,366] telethon.client.downloads: File lives in another DC
[ INFO/2021-06-20 10:07:09,789] pyUltroid: Ultroid - PLUGIN_CHANNEL - Installed - recognise
[ INFO/2021-06-20 10:07:10,391] telethon.client.downloads: Starting direct file download in chunks of 131072 at 0, stride 131072
[ INFO/2021-06-20 10:07:11,092] pyUltroid: Ultroid - PLUGIN_CHANNEL - Installed - thanos
[ INFO/2021-06-20 10:07:11,791] telethon.client.downloads: Starting direct file download in chunks of 131072 at 0, stride 131072
[ INFO/2021-06-20 10:07:12,419] telethon.client.downloads: File lives in another DC
[ INFO/2021-06-20 10:07:13,211] pyUltroid: Ultroid - PLUGIN_CHANNEL - Installed - unparse
[ INFO/2021-06-20 10:07:13,813] telethon.client.downloads: Starting direct file download in chunks of 131072 at 0, stride 131072
[ INFO/2021-06-20 10:07:14,060] pyUltroid: Ultroid - PLUGIN_CHANNEL - Installed - tanimator
[ INFO/2021-06-20 10:07:14,663] telethon.client.downloads: Starting direct file download in chunks of 131072 at 0, stride 131072
[ INFO/2021-06-20 10:07:14,710] telethon.client.downloads: File lives in another DC
[ INFO/2021-06-20 10:07:21,775] pyUltroid: Ultroid - PLUGIN_CHANNEL - Installed - allanimations
[ INFO/2021-06-20 10:07:22,578] telethon.client.downloads: Starting direct file download in chunks of 131072 at 0, stride 131072
[ INFO/2021-06-20 10:07:23,295] pyUltroid: Ultroid - PLUGIN_CHANNEL - Installed - thumbnail
[ INFO/2021-06-20 10:07:24,554] telethon.client.downloads: Starting direct file download in chunks of 131072 at 0, stride 131072
[ INFO/2021-06-20 10:07:24,903] pyUltroid: Ultroid - PLUGIN_CHANNEL - Installed - padmin
[ INFO/2021-06-20 10:07:25,509] telethon.client.downloads: Starting direct file download in chunks of 131072 at 0, stride 131072
[ INFO/2021-06-20 10:07:25,693] pyUltroid: Ultroid - PLUGIN_CHANNEL - Installed - gana
[ INFO/2021-06-20 10:07:26,295] telethon.client.downloads: Starting direct file download in chunks of 131072 at 0, stride 131072
[ INFO/2021-06-20 10:07:26,443] pyUltroid: Ultroid - PLUGIN_CHANNEL - Installed - userlist
[ INFO/2021-06-20 10:07:27,045] telethon.client.downloads: Starting direct file download in chunks of 131072 at 0, stride 131072
[ INFO/2021-06-20 10:07:27,289] pyUltroid: Ultroid - PLUGIN_CHANNEL - Installed - autodp
[ INFO/2021-06-20 10:07:27,891] telethon.client.downloads: Starting direct file download in chunks of 131072 at 0, stride 131072
[ INFO/2021-06-20 10:07:27,926] telethon.client.downloads: File lives in another DC
[ INFO/2021-06-20 10:07:28,317] pyUltroid: Ultroid - PLUGIN_CHANNEL - Installed - iwarn
[ INFO/2021-06-20 10:07:28,935] telethon.client.downloads: Starting direct file download in chunks of 131072 at 0, stride 131072
[ INFO/2021-06-20 10:07:28,978] telethon.client.downloads: File lives in another DC
[ INFO/2021-06-20 10:07:29,372] pyUltroid: Ultroid - PLUGIN_CHANNEL - Installed - me_total
[ INFO/2021-06-20 10:07:29,981] telethon.client.downloads: Starting direct file download in chunks of 131072 at 0, stride 131072
[ INFO/2021-06-20 10:07:30,026] telethon.client.downloads: File lives in another DC
[ INFO/2021-06-20 10:07:30,321] pyUltroid: Ultroid - PLUGIN_CHANNEL - Installed - hquote
[ INFO/2021-06-20 10:07:30,933] telethon.client.downloads: Starting direct file download in chunks of 131072 at 0, stride 131072
[ INFO/2021-06-20 10:07:31,088] pyUltroid: Ultroid - PLUGIN_CHANNEL - Installed - insult
[ INFO/2021-06-20 10:07:31,701] telethon.client.downloads: Starting direct file download in chunks of 131072 at 0, stride 131072
[ INFO/2021-06-20 10:07:31,920] pyUltroid: Ultroid - PLUGIN_CHANNEL - Installed - snap
[ INFO/2021-06-20 10:07:32,525] telethon.client.downloads: Starting direct file download in chunks of 131072 at 0, stride 131072
[ INFO/2021-06-20 10:07:32,560] telethon.client.downloads: File lives in another DC
[ INFO/2021-06-20 10:07:32,869] pyUltroid: Ultroid - PLUGIN_CHANNEL - Installed - dpoem
[ INFO/2021-06-20 10:07:33,471] telethon.client.downloads: Starting direct file download in chunks of 131072 at 0, stride 131072
[ INFO/2021-06-20 10:07:34,156] telethon.client.downloads: File lives in another DC
[ INFO/2021-06-20 10:07:34,548] pyUltroid: Ultroid - PLUGIN_CHANNEL - Installed - torsearch
[ INFO/2021-06-20 10:07:35,157] telethon.client.downloads: Starting direct file download in chunks of 131072 at 0, stride 131072
[ INFO/2021-06-20 10:07:35,200] telethon.client.downloads: File lives in another DC
[ INFO/2021-06-20 10:07:35,618] pyUltroid: Ultroid - PLUGIN_CHANNEL - Installed - rshayri
[ INFO/2021-06-20 10:07:36,220] telethon.client.downloads: Starting direct file download in chunks of 131072 at 0, stride 131072
[ INFO/2021-06-20 10:07:36,359] telethon.client.downloads: File lives in another DC
[ INFO/2021-06-20 10:07:36,734] pyUltroid: Ultroid - PLUGIN_CHANNEL - Installed - awaves
[ INFO/2021-06-20 10:07:37,346] telethon.client.downloads: Starting direct file download in chunks of 131072 at 0, stride 131072
[ INFO/2021-06-20 10:07:37,470] telethon.client.downloads: File lives in another DC
[ INFO/2021-06-20 10:07:37,854] pyUltroid: Ultroid - PLUGIN_CHANNEL - Installed - abuser
[ INFO/2021-06-20 10:07:38,458] telethon.client.downloads: Starting direct file download in chunks of 131072 at 0, stride 131072
[ INFO/2021-06-20 10:07:38,502] telethon.client.downloads: File lives in another DC
[ INFO/2021-06-20 10:07:39,369] pyUltroid: Ultroid - PLUGIN_CHANNEL - Installed - shadowclone
[ INFO/2021-06-20 10:07:39,979] telethon.client.downloads: Starting direct file download in chunks of 131072 at 0, stride 131072
[ INFO/2021-06-20 10:07:40,159] pyUltroid: Ultroid - PLUGIN_CHANNEL - Installed - iwish
[ INFO/2021-06-20 10:07:41,504] telethon.client.downloads: Starting direct file download in chunks of 131072 at 0, stride 131072
[ INFO/2021-06-20 10:07:42,259] pyUltroid: Ultroid - PLUGIN_CHANNEL - Installed - virus
[ INFO/2021-06-20 10:07:42,865] telethon.client.downloads: Starting direct file download in chunks of 131072 at 0, stride 131072
[ INFO/2021-06-20 10:07:43,734] pyUltroid: Ultroid - PLUGIN_CHANNEL - Installed - sd
[ INFO/2021-06-20 10:07:44,344] telethon.client.downloads: Starting direct file download in chunks of 131072 at 0, stride 131072
[ INFO/2021-06-20 10:07:45,630] pyUltroid: Ultroid - PLUGIN_CHANNEL - Installed - emojigames
[ INFO/2021-06-20 10:07:46,237] telethon.client.downloads: Starting direct file download in chunks of 131072 at 0, stride 131072
[ INFO/2021-06-20 10:07:46,435] pyUltroid: Ultroid - PLUGIN_CHANNEL - Installed - lenk
[ INFO/2021-06-20 10:07:47,052] telethon.client.downloads: Starting direct file download in chunks of 131072 at 0, stride 131072
[ INFO/2021-06-20 10:07:47,117] pyUltroid: Ultroid - PLUGIN_CHANNEL - Installed - bio_auto
[ INFO/2021-06-20 10:07:47,720] telethon.client.downloads: Starting direct file download in chunks of 131072 at 0, stride 131072
[ INFO/2021-06-20 10:07:47,909] pyUltroid: Ultroid - PLUGIN_CHANNEL - Installed - cringe
[ INFO/2021-06-20 10:07:48,511] telethon.client.downloads: Starting direct file download in chunks of 131072 at 0, stride 131072
[ INFO/2021-06-20 10:07:48,638] pyUltroid: Ultroid - PLUGIN_CHANNEL - Installed - ttyp
[ INFO/2021-06-20 10:07:49,245] telethon.client.downloads: Starting direct file download in chunks of 131072 at 0, stride 131072
[ INFO/2021-06-20 10:07:49,424] pyUltroid: Ultroid - PLUGIN_CHANNEL - Installed - FLAC
[ INFO/2021-06-20 10:07:50,029] telethon.client.downloads: Starting direct file download in chunks of 131072 at 0, stride 131072
[ INFO/2021-06-20 10:07:50,070] telethon.client.downloads: File lives in another DC
[ INFO/2021-06-20 10:07:50,618] pyUltroid: Ultroid - PLUGIN_CHANNEL - Installed - detectnsfw
[ INFO/2021-06-20 10:07:51,241] telethon.client.downloads: Starting direct file download in chunks of 131072 at 0, stride 131072
[ INFO/2021-06-20 10:07:51,297] telethon.client.downloads: File lives in another DC
[ INFO/2021-06-20 10:07:51,608] pyUltroid: Ultroid - PLUGIN_CHANNEL - Installed - goodmorning
[ INFO/2021-06-20 10:07:52,210] telethon.client.downloads: Starting direct file download in chunks of 131072 at 0, stride 131072
[ INFO/2021-06-20 10:07:52,250] telethon.client.downloads: File lives in another DC
[ INFO/2021-06-20 10:07:52,523] pyUltroid: Ultroid - PLUGIN_CHANNEL - Installed - goodnight
[ INFO/2021-06-20 10:07:53,125] telethon.client.downloads: Starting direct file download in chunks of 131072 at 0, stride 131072
[ INFO/2021-06-20 10:07:53,166] telethon.client.downloads: File lives in another DC
[ INFO/2021-06-20 10:07:53,451] pyUltroid: Ultroid - PLUGIN_CHANNEL - Installed - damn
[ INFO/2021-06-20 10:07:54,053] telethon.client.downloads: Starting direct file download in chunks of 131072 at 0, stride 131072
[ INFO/2021-06-20 10:07:54,102] telethon.client.downloads: File lives in another DC
[ INFO/2021-06-20 10:07:54,496] pyUltroid: Ultroid - PLUGIN_CHANNEL - Installed - android
[ INFO/2021-06-20 10:07:55,100] telethon.client.downloads: Starting direct file download in chunks of 131072 at 0, stride 131072
[ INFO/2021-06-20 10:07:55,139] telethon.client.downloads: File lives in another DC
[ INFO/2021-06-20 10:07:55,424] pyUltroid: Ultroid - PLUGIN_CHANNEL - Installed - sorry
[ INFO/2021-06-20 10:07:56,026] telethon.client.downloads: Starting direct file download in chunks of 131072 at 0, stride 131072
[ INFO/2021-06-20 10:07:56,709] telethon.client.downloads: File lives in another DC
[ INFO/2021-06-20 10:07:57,477] pyUltroid: Ultroid - PLUGIN_CHANNEL - Installed - happybirthday
[ INFO/2021-06-20 10:07:58,081] telethon.client.downloads: Starting direct file download in chunks of 131072 at 0, stride 131072
[ INFO/2021-06-20 10:07:58,166] telethon.client.downloads: File lives in another DC
[ INFO/2021-06-20 10:07:59,040] pyUltroid: Ultroid - PLUGIN_CHANNEL - Installed - poto
[ INFO/2021-06-20 10:07:59,646] telethon.client.downloads: Starting direct file download in chunks of 131072 at 0, stride 131072
[ INFO/2021-06-20 10:07:59,702] telethon.client.downloads: File lives in another DC
[ INFO/2021-06-20 10:08:00,226] pyUltroid: Ultroid - PLUGIN_CHANNEL - Installed - bin
[ INFO/2021-06-20 10:08:00,829] telethon.client.downloads: Starting direct file download in chunks of 131072 at 0, stride 131072
[ INFO/2021-06-20 10:08:00,871] telethon.client.downloads: File lives in another DC
[ INFO/2021-06-20 10:08:01,179] pyUltroid: Ultroid - PLUGIN_CHANNEL - Installed - clappp
[ INFO/2021-06-20 10:08:01,781] telethon.client.downloads: Starting direct file download in chunks of 131072 at 0, stride 131072
[ INFO/2021-06-20 10:08:01,846] telethon.client.downloads: File lives in another DC
[ INFO/2021-06-20 10:08:02,153] pyUltroid: Ultroid - PLUGIN_CHANNEL - Installed - danishquotes
[ INFO/2021-06-20 10:08:02,755] telethon.client.downloads: Starting direct file download in chunks of 131072 at 0, stride 131072
[ INFO/2021-06-20 10:08:02,806] telethon.client.downloads: File lives in another DC
[ INFO/2021-06-20 10:08:03,120] pyUltroid: Ultroid - PLUGIN_CHANNEL - Installed - byetext
[ INFO/2021-06-20 10:08:03,721] telethon.client.downloads: Starting direct file download in chunks of 131072 at 0, stride 131072
[ INFO/2021-06-20 10:08:03,759] telethon.client.downloads: File lives in another DC
[ INFO/2021-06-20 10:08:04,035] pyUltroid: Ultroid - PLUGIN_CHANNEL - Installed - sastanasha
[ INFO/2021-06-20 10:08:04,638] telethon.client.downloads: Starting direct file download in chunks of 131072 at 0, stride 131072
[ INFO/2021-06-20 10:08:04,702] telethon.client.downloads: File lives in another DC
[ INFO/2021-06-20 10:08:05,074] pyUltroid: Ultroid - PLUGIN_CHANNEL - Installed - welcome
[ INFO/2021-06-20 10:08:05,676] telethon.client.downloads: Starting direct file download in chunks of 131072 at 0, stride 131072
[ INFO/2021-06-20 10:08:05,716] telethon.client.downloads: File lives in another DC
[ INFO/2021-06-20 10:08:06,003] pyUltroid: Ultroid - PLUGIN_CHANNEL - Installed - bigbruh
[ INFO/2021-06-20 10:08:06,605] telethon.client.downloads: Starting direct file download in chunks of 131072 at 0, stride 131072
[ INFO/2021-06-20 10:08:06,640] telethon.client.downloads: File lives in another DC
[ INFO/2021-06-20 10:08:06,910] pyUltroid: Ultroid - PLUGIN_CHANNEL - Installed - coinflip
[ INFO/2021-06-20 10:08:07,511] telethon.client.downloads: Starting direct file download in chunks of 131072 at 0, stride 131072
[ INFO/2021-06-20 10:08:07,556] telethon.client.downloads: File lives in another DC
[ INFO/2021-06-20 10:08:07,843] pyUltroid: Ultroid - PLUGIN_CHANNEL - Installed - hello
[ INFO/2021-06-20 10:08:08,445] telethon.client.downloads: Starting direct file download in chunks of 131072 at 0, stride 131072
[ INFO/2021-06-20 10:08:08,490] telethon.client.downloads: File lives in another DC
[ INFO/2021-06-20 10:08:08,772] pyUltroid: Ultroid - PLUGIN_CHANNEL - Installed - okboss
[ INFO/2021-06-20 10:08:09,373] telethon.client.downloads: Starting direct file download in chunks of 131072 at 0, stride 131072
[ INFO/2021-06-20 10:08:10,034] telethon.client.downloads: File lives in another DC
[ INFO/2021-06-20 10:08:10,310] pyUltroid: Ultroid - PLUGIN_CHANNEL - Installed - aaloo
[ INFO/2021-06-20 10:08:10,912] telethon.client.downloads: Starting direct file download in chunks of 131072 at 0, stride 131072
[ INFO/2021-06-20 10:08:10,965] telethon.client.downloads: File lives in another DC
[ INFO/2021-06-20 10:08:11,251] pyUltroid: Ultroid - PLUGIN_CHANNEL - Installed - Binod
[ INFO/2021-06-20 10:08:11,853] telethon.client.downloads: Starting direct file download in chunks of 131072 at 0, stride 131072
[ INFO/2021-06-20 10:08:12,512] telethon.client.downloads: File lives in another DC
[ INFO/2021-06-20 10:08:13,291] pyUltroid: Ultroid - PLUGIN_CHANNEL - Installed - congratulations
[ INFO/2021-06-20 10:08:13,893] telethon.client.downloads: Starting direct file download in chunks of 131072 at 0, stride 131072
[ INFO/2021-06-20 10:08:13,930] telethon.client.downloads: File lives in another DC
[ INFO/2021-06-20 10:08:14,213] pyUltroid: Ultroid - PLUGIN_CHANNEL - Installed - conversationqt
[ INFO/2021-06-20 10:08:14,816] telethon.client.downloads: Starting direct file download in chunks of 131072 at 0, stride 131072
[ INFO/2021-06-20 10:08:16,019] telethon.client.downloads: File lives in another DC
[ INFO/2021-06-20 10:08:16,621] pyUltroid: Ultroid - PLUGIN_CHANNEL - Installed - covid_v2
[ INFO/2021-06-20 10:08:17,223] telethon.client.downloads: Starting direct file download in chunks of 131072 at 0, stride 131072
[ INFO/2021-06-20 10:08:17,271] telethon.client.downloads: File lives in another DC
[ INFO/2021-06-20 10:08:17,650] pyUltroid: Ultroid - PLUGIN_CHANNEL - Installed - cricker_score
[ INFO/2021-06-20 10:08:18,252] telethon.client.downloads: Starting direct file download in chunks of 131072 at 0, stride 131072
[ INFO/2021-06-20 10:08:18,314] telethon.client.downloads: File lives in another DC
[ INFO/2021-06-20 10:08:19,098] pyUltroid: Ultroid - PLUGIN_CHANNEL - Installed - diwali
[ INFO/2021-06-20 10:08:19,700] telethon.client.downloads: Starting direct file download in chunks of 131072 at 0, stride 131072
[ INFO/2021-06-20 10:08:20,377] telethon.client.downloads: File lives in another DC
[ INFO/2021-06-20 10:08:20,640] pyUltroid: Plugin fun (1) is Pre Installed
[ INFO/2021-06-20 10:08:21,242] telethon.client.downloads: Starting direct file download in chunks of 131072 at 0, stride 131072
[ INFO/2021-06-20 10:08:21,279] telethon.client.downloads: File lives in another DC
[ INFO/2021-06-20 10:08:21,572] pyUltroid: Ultroid - PLUGIN_CHANNEL - Installed - gbun
[ INFO/2021-06-20 10:08:22,174] telethon.client.downloads: Starting direct file download in chunks of 131072 at 0, stride 131072
[ INFO/2021-06-20 10:08:22,214] telethon.client.downloads: File lives in another DC
[ INFO/2021-06-20 10:08:22,545] pyUltroid: Ultroid - PLUGIN_CHANNEL - Installed - police
[ INFO/2021-06-20 10:08:23,146] telethon.client.downloads: Starting direct file download in chunks of 131072 at 0, stride 131072
[ INFO/2021-06-20 10:08:23,811] telethon.client.downloads: File lives in another DC
[ INFO/2021-06-20 10:08:24,083] pyUltroid: Plugin prankpromote (1) is Pre Installed
[ INFO/2021-06-20 10:08:24,685] telethon.client.downloads: Starting direct file download in chunks of 131072 at 0, stride 131072
[ INFO/2021-06-20 10:08:25,349] telethon.client.downloads: File lives in another DC
[ INFO/2021-06-20 10:08:25,963] pyUltroid: Ultroid - PLUGIN_CHANNEL - Installed - solarsystem
[ INFO/2021-06-20 10:08:26,565] telethon.client.downloads: Starting direct file download in chunks of 131072 at 0, stride 131072
[ INFO/2021-06-20 10:08:26,613] telethon.client.downloads: File lives in another DC
[ INFO/2021-06-20 10:08:26,887] pyUltroid: Ultroid - PLUGIN_CHANNEL - Installed - jio
[ INFO/2021-06-20 10:08:28,121] pyUltroid: 
                ----------------------------------------------------------------------
                    Ultroid has been deployed! Visit @TheUltroid for updates!!
                ----------------------------------------------------------------------

[ INFO/2021-06-20 10:10:00,539] telethon.client.telegrambaseclient: Disconnecting borrowed sender for DC 5
[ INFO/2021-06-20 10:10:00,540] telethon.network.mtprotosender: Disconnecting from 91.108.56.136:443/TcpFull...
[ INFO/2021-06-20 10:10:00,543] telethon.network.mtprotosender: Disconnection from 91.108.56.136:443/TcpFull complete!
[ INFO/2021-06-20 10:57:20,588] telethon.network.mtprotosender: Connecting to 149.154.167.51:443/TcpFull...
[ INFO/2021-06-20 10:57:22,291] telethon.network.mtprotosender: Connection to 149.154.167.51:443/TcpFull complete!
[ INFO/2021-06-20 10:57:30,234] telethon.network.mtprotosender: Disconnecting from 149.154.167.51:443/TcpFull...
[ INFO/2021-06-20 10:57:30,235] telethon.network.mtprotosender: Disconnection from 149.154.167.51:443/TcpFull complete!
[ INFO/2021-06-20 10:58:12,386] telethon.client.uploads: Uploading file of 3478725 bytes in 27 chunks of 131072
[ INFO/2021-06-20 11:02:26,774] telethon.client.uploads: Uploading file of 3478725 bytes in 27 chunks of 131072
[ INFO/2021-06-20 11:04:28,548] telethon.client.downloads: Starting direct file download in chunks of 131072 at 0, stride 131072
[ INFO/2021-06-20 11:04:29,761] telethon.client.downloads: File lives in another DC
[ INFO/2021-06-20 11:04:29,762] telethon.network.mtprotosender: Connecting to 149.154.167.51:443/TcpFull...
[ INFO/2021-06-20 11:04:31,018] telethon.network.mtprotosender: Connection to 149.154.167.51:443/TcpFull complete!
[ INFO/2021-06-20 11:04:31,019] telethon.client.telegrambaseclient: Exporting auth for new borrowed sender in DcOption(id=2, ip_address='149.154.167.51', port=443, ipv6=False, media_only=False, tcpo_only=False, cdn=False, static=False, secret=None)
[ INFO/2021-06-20 11:04:35,218] telethon.client.uploads: Uploading file of 3478725 bytes in 27 chunks of 131072
[ INFO/2021-06-20 11:06:25,967] telethon.client.telegrambaseclient: Disconnecting borrowed sender for DC 2
[ INFO/2021-06-20 11:06:25,967] telethon.network.mtprotosender: Disconnecting from 149.154.167.51:443/TcpFull...
[ INFO/2021-06-20 11:06:25,968] telethon.network.mtprotosender: Disconnection from 149.154.167.51:443/TcpFull complete!
[ INFO/2021-06-20 11:12:33,916] telethon.client.downloads: Starting direct file download in chunks of 131072 at 0, stride 131072
[ INFO/2021-06-20 11:12:33,962] telethon.client.downloads: File lives in another DC
[ INFO/2021-06-20 11:12:33,962] telethon.network.mtprotosender: Connecting to 149.154.167.51:443/TcpFull...
[ INFO/2021-06-20 11:12:34,050] telethon.network.mtprotosender: Connection to 149.154.167.51:443/TcpFull complete!
[ INFO/2021-06-20 11:12:37,785] telethon.client.uploads: Uploading file of 3478725 bytes in 27 chunks of 131072
[ INFO/2021-06-20 11:14:27,881] telethon.client.telegrambaseclient: Disconnecting borrowed sender for DC 2
[ INFO/2021-06-20 11:14:27,881] telethon.network.mtprotosender: Disconnecting from 149.154.167.51:443/TcpFull...
[ INFO/2021-06-20 11:14:27,882] telethon.network.mtprotosender: Disconnection from 149.154.167.51:443/TcpFull complete!
[ INFO/2021-06-20 13:44:48,443] telethon.client.downloads: Starting direct file download in chunks of 131072 at 0, stride 131072
[ INFO/2021-06-20 14:29:22,720] telethon.client.uploads: Uploading file of 39260 bytes in 1 chunks of 131072
